EFPMD ver. 1.5.0
Copyright (c) 2012-2017 Ilya Kaliman

LIBEFP ver. 1.5.0
Copyright (c) 2012-2017 Ilya Kaliman

Journal References:
  - Kaliman and Slipchenko, JCC 2013.
    DOI: http://dx.doi.org/10.1002/jcc.23375
  - Kaliman and Slipchenko, JCC 2015.
    DOI: http://dx.doi.org/10.1002/jcc.23772

Project web site: https://libefp.github.io/

RUNNING 1 MPI PROCESSES WITH 20 OPENMP THREADS EACH
WALL CLOCK TIME IS Sun Jan  6 16:57:02 2019

SIMULATION SETTINGS

run_type opt
coord xyzabc
terms elec pol disp xr
elec_damp screen
disp_damp overlap
pol_damp tt
pol_driver direct
enable_ff false
enable_multistep false
ff_geometry ff.xyz
ff_parameters /usr/local/share/libefp/fraglib/params/amber99.prm
single_params_file false
efp_params_file params.efp
enable_cutoff false
swf_cutoff 10
max_steps 10000
multistep_steps 1
fraglib_path ../fraglib
userlib_path .
enable_pbc false
periodic_box 30.0 30.0 30.0
opt_tol 0.0001
gtest_tol 1e-06
ref_energy 0
hess_central false
num_step_dist 0.001
num_step_angle 0.01
ensemble nve
time_step 0.5
print_step 1
velocitize false
temperature 10000
pressure 1
thermostat_tau 1000
barostat_tau 10000
ligand 0
enable_pairwise false
dispmag_threshold 0.5
dispmag_modifier 0.95
dispmag_modify_steps 500


ENERGY MINIMIZATION JOB


    INITIAL STATE

    GEOMETRY (ANGSTROMS)

A01O1                0.000000     0.063030     0.000000
A02H2               -0.752652    -0.500166     0.000000
A03H3                0.752652    -0.500166     0.000000
A01N1                0.000000     0.000000     4.936823
A02H2               -0.466791    -0.808506     5.292603
A03H3               -0.466791     0.808506     5.292603
A04H4                0.933582     0.000000     5.292603


    RESTART DATA

fragment H2O_L
   0.000000e+00   0.000000e+00   0.000000e+00   0.000000e+00   0.000000e+00   0.000000e+00

fragment NH3_L
   0.000000e+00   0.000000e+00   5.000000e+00   0.000000e+00   0.000000e+00   0.000000e+00


    ENERGY COMPONENTS (ATOMIC UNITS)

          ELECTROSTATIC ENERGY     0.0006047186
           POLARIZATION ENERGY    -0.0000255683
             DISPERSION ENERGY    -0.0001028155
     EXCHANGE REPULSION ENERGY     0.0000169443
          POINT CHARGES ENERGY     0.0000000000
     CHARGE PENETRATION ENERGY     0.0000000000

                  TOTAL ENERGY     0.0004932790


                 ENERGY CHANGE     0.0000000000
                  RMS GRADIENT     0.0006008043
              MAXIMUM GRADIENT     0.0016710507


    STATE AFTER 1 STEPS

    GEOMETRY (ANGSTROMS)

A01O1               -0.000124     0.119069    -0.100557
A02H2               -0.753822    -0.270736     0.304000
A03H3                0.751479    -0.273536     0.305189
A01N1                0.000277    -0.107843     5.001071
A02H2               -0.465066    -0.618351     5.722869
A03H3               -0.468362     0.767434     4.889612
A04H4                0.933656     0.077396     5.305449


    RESTART DATA

fragment H2O_L
  -2.412758e-04   7.528702e-02  -5.521405e-02   3.140495e+00   8.029084e-01   3.140495e+00

fragment NH3_L
   2.412758e-04  -7.528702e-02   5.055214e+00  -3.140495e+00   5.413658e-01  -3.140495e+00


    ENERGY COMPONENTS (ATOMIC UNITS)

          ELECTROSTATIC ENERGY    -0.0011799569
           POLARIZATION ENERGY    -0.0000240510
             DISPERSION ENERGY    -0.0000905163
     EXCHANGE REPULSION ENERGY     0.0000089074
          POINT CHARGES ENERGY     0.0000000000
     CHARGE PENETRATION ENERGY     0.0000000000

                  TOTAL ENERGY    -0.0012856167


                 ENERGY CHANGE    -0.0017788958
                  RMS GRADIENT     0.0003050335
              MAXIMUM GRADIENT     0.0008540374


    STATE AFTER 2 STEPS

    GEOMETRY (ANGSTROMS)

A01O1               -0.001494     0.121780    -0.055199
A02H2               -0.750874    -0.107248     0.464081
A03H3                0.754370    -0.094394     0.460178
A01N1                0.000849    -0.132791     4.945332
A02H2               -0.480329    -0.586575     5.694134
A03H3               -0.448180     0.743238     4.774736
A04H4                0.935828     0.051868     5.245116


    RESTART DATA

fragment H2O_L
  -1.131158e-03   9.686759e-02   2.698128e-03  -3.134169e+00   1.164425e+00  -3.138771e+00

fragment NH3_L
   1.131158e-03  -9.686759e-02   4.997302e+00   3.133728e+00   6.048389e-01   3.128179e+00


    ENERGY COMPONENTS (ATOMIC UNITS)

          ELECTROSTATIC ENERGY    -0.0013874139
           POLARIZATION ENERGY    -0.0000335776
             DISPERSION ENERGY    -0.0001051567
     EXCHANGE REPULSION ENERGY     0.0000136027
          POINT CHARGES ENERGY     0.0000000000
     CHARGE PENETRATION ENERGY     0.0000000000

                  TOTAL ENERGY    -0.0015125456


                 ENERGY CHANGE    -0.0002269288
                  RMS GRADIENT     0.0003482180
              MAXIMUM GRADIENT     0.0009344362


    STATE AFTER 3 STEPS

    GEOMETRY (ANGSTROMS)

A01O1               -0.004978     0.065342     0.358107
A02H2               -0.758430     0.263533     0.884134
A03H3                0.744620     0.340285     0.854277
A01N1                0.005419    -0.088247     4.521618
A02H2               -0.580981    -0.834532     4.833626
A03H3               -0.333287     0.760793     4.924811
A04H4                0.926704    -0.251317     4.872045


    RESTART DATA

fragment H2O_L
  -5.193242e-03   9.181720e-02   4.153062e-01  -3.081402e+00   2.003789e+00  -3.119739e+00

fragment NH3_L
   5.193242e-03  -9.181720e-02   4.584694e+00  -6.328891e-02   5.665340e-02  -9.059825e-02


    ENERGY COMPONENTS (ATOMIC UNITS)

          ELECTROSTATIC ENERGY    -0.0023571102
           POLARIZATION ENERGY    -0.0001141002
             DISPERSION ENERGY    -0.0003246343
     EXCHANGE REPULSION ENERGY     0.0002892196
          POINT CHARGES ENERGY     0.0000000000
     CHARGE PENETRATION ENERGY     0.0000000000

                  TOTAL ENERGY    -0.0025066252


                 ENERGY CHANGE    -0.0009940796
                  RMS GRADIENT     0.0009243430
              MAXIMUM GRADIENT     0.0025403700


    STATE AFTER 4 STEPS

    GEOMETRY (ANGSTROMS)

A01O1               -0.004436    -0.002447     0.836057
A02H2               -0.773344     0.354215     1.242564
A03H3                0.726900     0.467483     1.193809
A01N1                0.012234     0.005178     4.081688
A02H2               -0.662815    -0.648614     3.742538
A03H3               -0.279988     0.310180     4.987081
A04H4                0.883292    -0.473602     4.182597


    RESTART DATA

fragment H2O_L
  -6.538700e-03   4.380742e-02   8.788227e-01  -3.031217e+00   2.394817e+00  -3.093893e+00

fragment NH3_L
   6.538700e-03  -4.380742e-02   4.121177e+00  -1.157377e-01   8.955884e-01  -1.674745e-01


    ENERGY COMPONENTS (ATOMIC UNITS)

          ELECTROSTATIC ENERGY    -0.0046246730
           POLARIZATION ENERGY    -0.0002885449
             DISPERSION ENERGY    -0.0014718236
     EXCHANGE REPULSION ENERGY     0.0022130694
          POINT CHARGES ENERGY     0.0000000000
     CHARGE PENETRATION ENERGY     0.0000000000

                  TOTAL ENERGY    -0.0041719721


                 ENERGY CHANGE    -0.0016653470
                  RMS GRADIENT     0.0009388876
              MAXIMUM GRADIENT     0.0021902710


    STATE AFTER 5 STEPS

    GEOMETRY (ANGSTROMS)

A01O1               -0.004879    -0.012925     0.915597
A02H2               -0.773831     0.371222     1.296146
A03H3                0.726927     0.476439     1.245229
A01N1                0.013288     0.017716     4.011939
A02H2               -0.663606    -0.581004     3.585905
A03H3               -0.283745     0.204325     4.947409
A04H4                0.880257    -0.476893     4.055350


    RESTART DATA

fragment H2O_L
  -6.957367e-03   3.595430e-02   9.553368e-01  -3.030019e+00   2.458237e+00  -3.087995e+00

fragment NH3_L
   6.957367e-03  -3.595430e-02   4.044663e+00  -1.174211e-01   1.026326e+00  -1.773290e-01


    ENERGY COMPONENTS (ATOMIC UNITS)

          ELECTROSTATIC ENERGY    -0.0053833806
           POLARIZATION ENERGY    -0.0003321308
             DISPERSION ENERGY    -0.0019684146
     EXCHANGE REPULSION ENERGY     0.0033635938
          POINT CHARGES ENERGY     0.0000000000
     CHARGE PENETRATION ENERGY     0.0000000000

                  TOTAL ENERGY    -0.0043203321


                 ENERGY CHANGE    -0.0001483600
                  RMS GRADIENT     0.0007915636
              MAXIMUM GRADIENT     0.0015746381


    STATE AFTER 6 STEPS

    GEOMETRY (ANGSTROMS)

A01O1               -0.013380    -0.013631     0.835745
A02H2               -0.719785     0.287108     1.378169
A03H3                0.780926     0.232116     1.274334
A01N1                0.008876     0.034786     4.073100
A02H2               -0.582031    -0.669312     3.681653
A03H3               -0.326742     0.245757     4.990165
A04H4                0.928394    -0.346106     4.160068


    RESTART DATA

fragment H2O_L
  -8.461368e-03   1.694869e-02   8.906404e-01  -3.139704e+00   2.078917e+00  -3.062556e+00

fragment NH3_L
   8.461368e-03  -1.694869e-02   4.109360e+00  -8.016332e-03   9.594918e-01  -1.539429e-01


    ENERGY COMPONENTS (ATOMIC UNITS)

          ELECTROSTATIC ENERGY    -0.0049322500
           POLARIZATION ENERGY    -0.0003367687
             DISPERSION ENERGY    -0.0015800597
     EXCHANGE REPULSION ENERGY     0.0023978534
          POINT CHARGES ENERGY     0.0000000000
     CHARGE PENETRATION ENERGY     0.0000000000

                  TOTAL ENERGY    -0.0044512250


                 ENERGY CHANGE    -0.0001308929
                  RMS GRADIENT     0.0012278231
              MAXIMUM GRADIENT     0.0031676775


    STATE AFTER 7 STEPS

    GEOMETRY (ANGSTROMS)

A01O1               -0.014360    -0.004943     0.877929
A02H2               -0.700424     0.348692     1.414523
A03H3                0.795435     0.234133     1.291148
A01N1                0.006466     0.020362     4.028550
A02H2               -0.563291    -0.729947     3.696029
A03H3               -0.337152     0.295994     4.925272
A04H4                0.936224    -0.325784     4.146404


    RESTART DATA

fragment H2O_L
  -7.436041e-03   2.822346e-02   9.310782e-01   3.116749e+00   2.130884e+00  -3.044700e+00

fragment NH3_L
   7.436041e-03  -2.822346e-02   4.068922e+00   1.995591e-02   8.775697e-01  -1.530793e-01


    ENERGY COMPONENTS (ATOMIC UNITS)

          ELECTROSTATIC ENERGY    -0.0059613551
           POLARIZATION ENERGY    -0.0004404779
             DISPERSION ENERGY    -0.0018425731
     EXCHANGE REPULSION ENERGY     0.0033340040
          POINT CHARGES ENERGY     0.0000000000
     CHARGE PENETRATION ENERGY     0.0000000000

                  TOTAL ENERGY    -0.0049104020


                 ENERGY CHANGE    -0.0004591770
                  RMS GRADIENT     0.0006545753
              MAXIMUM GRADIENT     0.0014620903


    STATE AFTER 8 STEPS

    GEOMETRY (ANGSTROMS)

A01O1               -0.018766     0.014853     0.935324
A02H2               -0.599464     0.406377     1.562360
A03H3                0.846096     0.080316     1.297821
A01N1               -0.002352    -0.000930     3.960270
A02H2               -0.445365    -0.874272     3.762359
A03H3               -0.430943     0.385739     4.775716
A04H4                0.957382    -0.181499     4.171131


    RESTART DATA

fragment H2O_L
  -2.864782e-03   4.042516e-02   9.906961e-01   3.008382e+00   2.031134e+00  -2.944155e+00

fragment NH3_L
   2.864782e-03  -4.042516e-02   4.009304e+00   1.313190e-01   6.822905e-01  -1.111034e-01


    ENERGY COMPONENTS (ATOMIC UNITS)

          ELECTROSTATIC ENERGY    -0.0081058636
           POLARIZATION ENERGY    -0.0008326296
             DISPERSION ENERGY    -0.0023918563
     EXCHANGE REPULSION ENERGY     0.0060633284
          POINT CHARGES ENERGY     0.0000000000
     CHARGE PENETRATION ENERGY     0.0000000000

                  TOTAL ENERGY    -0.0052670212


                 ENERGY CHANGE    -0.0003566191
                  RMS GRADIENT     0.0008672327
              MAXIMUM GRADIENT     0.0019056054


    STATE AFTER 9 STEPS

    GEOMETRY (ANGSTROMS)

A01O1               -0.012870     0.062355     0.867235
A02H2               -0.465815     0.233903     1.672895
A03H3                0.861674    -0.189139     1.103028
A01N1               -0.014149    -0.046643     4.012412
A02H2               -0.214592    -1.004820     4.212100
A03H3               -0.669546     0.517453     4.512818
A04H4                0.899586     0.157571     4.361040


    RESTART DATA

fragment H2O_L
   1.072188e-02   5.788119e-02   9.255123e-01   2.850529e+00   1.613407e+00  -2.752967e+00

fragment NH3_L
  -1.072188e-02  -5.788119e-02   4.074488e+00   2.959600e-01   1.870633e-01  -5.447910e-03


    ENERGY COMPONENTS (ATOMIC UNITS)

          ELECTROSTATIC ENERGY    -0.0090759889
           POLARIZATION ENERGY    -0.0012891470
             DISPERSION ENERGY    -0.0019739379
     EXCHANGE REPULSION ENERGY     0.0060618017
          POINT CHARGES ENERGY     0.0000000000
     CHARGE PENETRATION ENERGY     0.0000000000

                  TOTAL ENERGY    -0.0062772721


                 ENERGY CHANGE    -0.0010102509
                  RMS GRADIENT     0.0011561305
              MAXIMUM GRADIENT     0.0037715400


    STATE AFTER 10 STEPS

    GEOMETRY (ANGSTROMS)

A01O1               -0.009241     0.075161     0.856990
A02H2               -0.433437     0.165365     1.691014
A03H3                0.858327    -0.240813     1.033514
A01N1               -0.016766    -0.059184     4.023385
A02H2               -0.156406    -0.998897     4.332572
A03H3               -0.735188     0.508247     4.423445
A04H4                0.861529     0.256614     4.379791


    RESTART DATA

fragment H2O_L
   1.556854e-02   6.252765e-02   9.135377e-01   2.804924e+00   1.504958e+00  -2.688512e+00

fragment NH3_L
  -1.556854e-02  -6.252765e-02   4.086462e+00   3.439755e-01   5.624205e-02   2.264865e-02


    ENERGY COMPONENTS (ATOMIC UNITS)

          ELECTROSTATIC ENERGY    -0.0092207820
           POLARIZATION ENERGY    -0.0013412534
             DISPERSION ENERGY    -0.0018995411
     EXCHANGE REPULSION ENERGY     0.0060123498
          POINT CHARGES ENERGY     0.0000000000
     CHARGE PENETRATION ENERGY     0.0000000000

                  TOTAL ENERGY    -0.0064492266


                 ENERGY CHANGE    -0.0001719545
                  RMS GRADIENT     0.0012731630
              MAXIMUM GRADIENT     0.0040653627


    STATE AFTER 11 STEPS

    GEOMETRY (ANGSTROMS)

A01O1                0.012594     0.097864     0.821036
A02H2               -0.196910     0.018372     1.733979
A03H3                0.871895    -0.267753     0.713328
A01N1               -0.044933    -0.081394     4.071423
A02H2               -0.015976    -0.957208     4.551284
A03H3               -0.899011     0.376525     4.314357
A04H4                0.712244     0.479037     4.404225


    RESTART DATA

fragment H2O_L
   4.895479e-02   7.295671e-02   8.660951e-01   2.719304e+00   1.399029e+00  -2.382638e+00

fragment NH3_L
  -4.895479e-02  -7.295671e-02   4.133905e+00  -2.696769e+00   1.484828e-01  -3.003118e+00


    ENERGY COMPONENTS (ATOMIC UNITS)

          ELECTROSTATIC ENERGY    -0.0095993783
           POLARIZATION ENERGY    -0.0014578155
             DISPERSION ENERGY    -0.0016091805
     EXCHANGE REPULSION ENERGY     0.0054113985
          POINT CHARGES ENERGY     0.0000000000
     CHARGE PENETRATION ENERGY     0.0000000000

                  TOTAL ENERGY    -0.0072549759


                 ENERGY CHANGE    -0.0008057493
                  RMS GRADIENT     0.0011531493
              MAXIMUM GRADIENT     0.0028367730


    STATE AFTER 12 STEPS

    GEOMETRY (ANGSTROMS)

A01O1                0.013662     0.095715     0.836604
A02H2               -0.068034    -0.030216     1.764581
A03H3                0.846218    -0.265922     0.592179
A01N1               -0.051814    -0.075825     4.062522
A02H2                0.065778    -0.949907     4.531894
A03H3               -0.941166     0.297862     4.322458
A04H4                0.654670     0.549474     4.391211


    RESTART DATA

fragment H2O_L
   5.567782e-02   6.843203e-02   8.748536e-01   2.688567e+00   1.411607e+00  -2.232704e+00

fragment NH3_L
  -5.567782e-02  -6.843203e-02   4.125146e+00  -2.660036e+00   1.324291e-01  -2.945842e+00


    ENERGY COMPONENTS (ATOMIC UNITS)

          ELECTROSTATIC ENERGY    -0.0102465494
           POLARIZATION ENERGY    -0.0016839070
             DISPERSION ENERGY    -0.0016828705
     EXCHANGE REPULSION ENERGY     0.0060314735
          POINT CHARGES ENERGY     0.0000000000
     CHARGE PENETRATION ENERGY     0.0000000000

                  TOTAL ENERGY    -0.0075818534


                 ENERGY CHANGE    -0.0003268775
                  RMS GRADIENT     0.0007839587
              MAXIMUM GRADIENT     0.0016917471


    STATE AFTER 13 STEPS

    GEOMETRY (ANGSTROMS)

A01O1                0.002198     0.087563     0.886821
A02H2               -0.036400     0.007520     1.822651
A03H3                0.815452    -0.301624     0.620687
A01N1               -0.043952    -0.064241     4.012616
A02H2                0.120369    -0.963864     4.414902
A03H3               -0.933774     0.259463     4.331344
A04H4                0.654610     0.561264     4.357450


    RESTART DATA

fragment H2O_L
   4.554613e-02   6.130610e-02   9.242951e-01   2.667223e+00   1.476153e+00  -2.210830e+00

fragment NH3_L
  -4.554613e-02  -6.130610e-02   4.075705e+00  -2.643920e+00   5.289727e-02  -2.928307e+00


    ENERGY COMPONENTS (ATOMIC UNITS)

          ELECTROSTATIC ENERGY    -0.0118739445
           POLARIZATION ENERGY    -0.0022792591
             DISPERSION ENERGY    -0.0020680519
     EXCHANGE REPULSION ENERGY     0.0084171713
          POINT CHARGES ENERGY     0.0000000000
     CHARGE PENETRATION ENERGY     0.0000000000

                  TOTAL ENERGY    -0.0078040842


                 ENERGY CHANGE    -0.0002222308
                  RMS GRADIENT     0.0004884209
              MAXIMUM GRADIENT     0.0010751034


    STATE AFTER 14 STEPS

    GEOMETRY (ANGSTROMS)

A01O1               -0.006653     0.088895     0.911239
A02H2               -0.053432    -0.010074     1.844883
A03H3                0.796665    -0.317939     0.641350
A01N1               -0.032481    -0.066151     3.988768
A02H2                0.155736    -0.940838     4.433351
A03H3               -0.941086     0.236496     4.273368
A04H4                0.633849     0.599814     4.321411


    RESTART DATA

fragment H2O_L
   3.568074e-02   6.059160e-02   9.483811e-01   2.637724e+00   1.454306e+00  -2.205943e+00

fragment NH3_L
  -3.568074e-02  -6.059160e-02   4.051619e+00  -2.619355e+00   1.017088e-01  -2.914958e+00


    ENERGY COMPONENTS (ATOMIC UNITS)

          ELECTROSTATIC ENERGY    -0.0127488342
           POLARIZATION ENERGY    -0.0025747667
             DISPERSION ENERGY    -0.0022818323
     EXCHANGE REPULSION ENERGY     0.0097452397
          POINT CHARGES ENERGY     0.0000000000
     CHARGE PENETRATION ENERGY     0.0000000000

                  TOTAL ENERGY    -0.0078601936


                 ENERGY CHANGE    -0.0000561094
                  RMS GRADIENT     0.0002812966
              MAXIMUM GRADIENT     0.0007094111


    STATE AFTER 15 STEPS

    GEOMETRY (ANGSTROMS)

A01O1               -0.008150     0.091551     0.907813
A02H2               -0.037264    -0.010570     1.841836
A03H3                0.784654    -0.323692     0.620220
A01N1               -0.030107    -0.070156     3.993450
A02H2                0.170281    -0.924927     4.470279
A03H3               -0.950566     0.219935     4.251828
A04H4                0.614336     0.622167     4.315223


    RESTART DATA

fragment H2O_L
   3.458384e-02   6.260029e-02   9.439858e-01   2.623623e+00   1.460816e+00  -2.186315e+00

fragment NH3_L
  -3.458384e-02  -6.260029e-02   4.056014e+00  -2.606709e+00   1.394552e-01  -2.903920e+00


    ENERGY COMPONENTS (ATOMIC UNITS)

          ELECTROSTATIC ENERGY    -0.0125865205
           POLARIZATION ENERGY    -0.0024933543
             DISPERSION ENERGY    -0.0022384597
     EXCHANGE REPULSION ENERGY     0.0094367972
          POINT CHARGES ENERGY     0.0000000000
     CHARGE PENETRATION ENERGY     0.0000000000

                  TOTAL ENERGY    -0.0078815372


                 ENERGY CHANGE    -0.0000213436
                  RMS GRADIENT     0.0001086559
              MAXIMUM GRADIENT     0.0002104883


    STATE AFTER 16 STEPS

    GEOMETRY (ANGSTROMS)

A01O1               -0.011318     0.093857     0.910713
A02H2               -0.009222    -0.037652     1.841506
A03H3                0.758348    -0.333281     0.580801
A01N1               -0.025457    -0.072666     3.993623
A02H2                0.210191    -0.892710     4.513387
A03H3               -0.966570     0.176336     4.218256
A04H4                0.571692     0.668498     4.297343


    RESTART DATA

fragment H2O_L
   3.186803e-02   6.259610e-02   9.443372e-01   2.590266e+00   1.452183e+00  -2.137946e+00

fragment NH3_L
  -3.186803e-02  -6.259610e-02   4.055663e+00  -2.574624e+00   1.900967e-01  -2.879818e+00


    ENERGY COMPONENTS (ATOMIC UNITS)

          ELECTROSTATIC ENERGY    -0.0125611955
           POLARIZATION ENERGY    -0.0024590831
             DISPERSION ENERGY    -0.0022383127
     EXCHANGE REPULSION ENERGY     0.0093649366
          POINT CHARGES ENERGY     0.0000000000
     CHARGE PENETRATION ENERGY     0.0000000000

                  TOTAL ENERGY    -0.0078936547


                 ENERGY CHANGE    -0.0000121175
                  RMS GRADIENT     0.0001109673
              MAXIMUM GRADIENT     0.0002014775


    STATE AFTER 17 STEPS

    GEOMETRY (ANGSTROMS)

A01O1               -0.022003     0.090887     0.912963
A02H2                0.005482    -0.042128     1.843138
A03H3                0.711460    -0.376646     0.556425
A01N1               -0.012852    -0.068103     3.993176
A02H2                0.273365    -0.859533     4.531575
A03H3               -0.971134     0.119682     4.204334
A04H4                0.528689     0.718360     4.287054


    RESTART DATA

fragment H2O_L
   2.057798e-02   5.728170e-02   9.450619e-01   2.532927e+00   1.470708e+00  -2.108112e+00

fragment NH3_L
  -2.057798e-02  -5.728170e-02   4.054938e+00  -2.521563e+00   2.120432e-01  -2.863524e+00


    ENERGY COMPONENTS (ATOMIC UNITS)

          ELECTROSTATIC ENERGY    -0.0125972635
           POLARIZATION ENERGY    -0.0024566424
             DISPERSION ENERGY    -0.0022471463
     EXCHANGE REPULSION ENERGY     0.0093851653
          POINT CHARGES ENERGY     0.0000000000
     CHARGE PENETRATION ENERGY     0.0000000000

                  TOTAL ENERGY    -0.0079158870


                 ENERGY CHANGE    -0.0000222322
                  RMS GRADIENT     0.0001053179
              MAXIMUM GRADIENT     0.0001781432


    STATE AFTER 18 STEPS

    GEOMETRY (ANGSTROMS)

A01O1               -0.042819     0.078906     0.909774
A02H2                0.018554    -0.044694     1.839629
A03H3                0.614295    -0.472319     0.525030
A01N1                0.011810    -0.051525     3.998086
A02H2                0.402707    -0.790241     4.545494
A03H3               -0.963354     0.006251     4.207548
A04H4                0.440725     0.804793     4.282528


    RESTART DATA

fragment H2O_L
  -2.614365e-03   4.114443e-02   9.402770e-01   2.418487e+00   1.514870e+00  -2.076820e+00

fragment NH3_L
   2.614365e-03  -4.114443e-02   4.059723e+00  -2.416677e+00   2.213097e-01  -2.830842e+00


    ENERGY COMPONENTS (ATOMIC UNITS)

          ELECTROSTATIC ENERGY    -0.0124591621
           POLARIZATION ENERGY    -0.0023970260
             DISPERSION ENERGY    -0.0022092299
     EXCHANGE REPULSION ENERGY     0.0091177687
          POINT CHARGES ENERGY     0.0000000000
     CHARGE PENETRATION ENERGY     0.0000000000

                  TOTAL ENERGY    -0.0079476493


                 ENERGY CHANGE    -0.0000317624
                  RMS GRADIENT     0.0001706513
              MAXIMUM GRADIENT     0.0004543547


    STATE AFTER 19 STEPS

    GEOMETRY (ANGSTROMS)

A01O1               -0.061947     0.065933     0.914098
A02H2                0.033686    -0.011182     1.846076
A03H3                0.529995    -0.557768     0.534260
A01N1                0.031888    -0.034903     3.992928
A02H2                0.500482    -0.748020     4.512583
A03H3               -0.938630    -0.067888     4.227796
A04H4                0.391636     0.849499     4.287157


    RESTART DATA

fragment H2O_L
  -2.347213e-02   2.671718e-02   9.449945e-01   2.337370e+00   1.587309e+00  -2.083174e+00

fragment NH3_L
   2.347213e-02  -2.671718e-02   4.055005e+00  -2.342385e+00   1.869188e-01  -2.816847e+00


    ENERGY COMPONENTS (ATOMIC UNITS)

          ELECTROSTATIC ENERGY    -0.0126924941
           POLARIZATION ENERGY    -0.0025040144
             DISPERSION ENERGY    -0.0022589316
     EXCHANGE REPULSION ENERGY     0.0094973581
          POINT CHARGES ENERGY     0.0000000000
     CHARGE PENETRATION ENERGY     0.0000000000

                  TOTAL ENERGY    -0.0079580820


                 ENERGY CHANGE    -0.0000104326
                  RMS GRADIENT     0.0002393218
              MAXIMUM GRADIENT     0.0005503290


    STATE AFTER 20 STEPS

    GEOMETRY (ANGSTROMS)

A01O1               -0.061905     0.066679     0.912553
A02H2                0.016815    -0.012065     1.845975
A03H3                0.537841    -0.555397     0.542418
A01N1                0.032840    -0.036141     3.993984
A02H2                0.494601    -0.746987     4.522785
A03H3               -0.939699    -0.064013     4.221026
A04H4                0.393257     0.849176     4.284622


    RESTART DATA

fragment H2O_L
  -2.393983e-02   2.746331e-02   9.440730e-01   2.338800e+00   1.572852e+00  -2.094490e+00

fragment NH3_L
   2.393983e-02  -2.746331e-02   4.055927e+00  -2.343526e+00   1.980411e-01  -2.819246e+00


    ENERGY COMPONENTS (ATOMIC UNITS)

          ELECTROSTATIC ENERGY    -0.0126627466
           POLARIZATION ENERGY    -0.0024807796
             DISPERSION ENERGY    -0.0022485934
     EXCHANGE REPULSION ENERGY     0.0094266752
          POINT CHARGES ENERGY     0.0000000000
     CHARGE PENETRATION ENERGY     0.0000000000

                  TOTAL ENERGY    -0.0079654444


                 ENERGY CHANGE    -0.0000073624
                  RMS GRADIENT     0.0000433607
              MAXIMUM GRADIENT     0.0001143629


    FINAL STATE

    GEOMETRY (ANGSTROMS)

A01O1               -0.063225     0.065161     0.911428
A02H2                0.016841    -0.010768     1.844969
A03H3                0.531728    -0.562118     0.542340
A01N1                0.034161    -0.034203     3.994977
A02H2                0.502861    -0.743812     4.519315
A03H3               -0.937241    -0.069502     4.225820
A04H4                0.389743     0.852480     4.287401


    RESTART DATA

fragment H2O_L
  -2.545275e-02   2.581117e-02   9.430137e-01   2.332296e+00   1.576753e+00  -2.095694e+00

fragment NH3_L
   2.545275e-02  -2.581117e-02   4.056986e+00  -2.337693e+00   1.926118e-01  -2.818277e+00


    ENERGY COMPONENTS (ATOMIC UNITS)

          ELECTROSTATIC ENERGY    -0.0126297351
           POLARIZATION ENERGY    -0.0024723127
             DISPERSION ENERGY    -0.0022394910
     EXCHANGE REPULSION ENERGY     0.0093756055
          POINT CHARGES ENERGY     0.0000000000
     CHARGE PENETRATION ENERGY     0.0000000000

                  TOTAL ENERGY    -0.0079659333


                 ENERGY CHANGE    -0.0000004889
                  RMS GRADIENT     0.0000147129
              MAXIMUM GRADIENT     0.0000345003


OPTIMIZATION CONVERGED
ENERGY MINIMIZATION JOB COMPLETED SUCCESSFULLY
WALL CLOCK TIME IS Sun Jan  6 16:57:03 2019
TOTAL RUN TIME IS 1 SECONDS
